\BOOKMARK [0][]{Doc-Start}{List of tables}{}% 1
\BOOKMARK [0][]{Doc-Start}{List of figures}{}% 2
\BOOKMARK [0][]{Doc-Start}{Preface}{}% 3
\BOOKMARK [0][]{Doc-Start}{Notation and typography}{}% 4
\BOOKMARK [-1][]{part.1}{Introduction}{}% 5
\BOOKMARK [0][]{chapter.1}{Introduction}{part.1}% 6
\BOOKMARK [1][]{section.1.1}{Motivation}{chapter.1}% 7
\BOOKMARK [1][]{section.1.2}{What is covered in this book?}{chapter.1}% 8
\BOOKMARK [1][]{section.1.3}{Robust statistics in Stata}{chapter.1}% 9
\BOOKMARK [-1][]{part.2}{Robustness theory and basic robust statistics}{}% 10
\BOOKMARK [0][]{chapter.2}{Basic concepts in estimation}{part.2}% 11
\BOOKMARK [1][]{section.2.1}{Classical properties of estimators}{chapter.2}% 12
\BOOKMARK [2][]{subsection.2.1.1}{Unbiasedness}{section.2.1}% 13
\BOOKMARK [2][]{subsection.2.1.2}{Efficiency}{section.2.1}% 14
\BOOKMARK [2][]{subsection.2.1.3}{Consistency}{section.2.1}% 15
\BOOKMARK [2][]{subsection.2.1.4}{Other aspects}{section.2.1}% 16
\BOOKMARK [1][]{section.2.2}{Measures of robustness}{chapter.2}% 17
\BOOKMARK [2][]{subsection.2.2.1}{The sensitivity curve and the influence function}{section.2.2}% 18
\BOOKMARK [3][]{section*.12}{The sensitivity curve}{subsection.2.2.1}% 19
\BOOKMARK [3][]{section*.13}{The influence function}{subsection.2.2.1}% 20
\BOOKMARK [3][]{section*.14}{The gross-error sensitivity}{subsection.2.2.1}% 21
\BOOKMARK [3][]{section*.15}{The local-shift sensitivity}{subsection.2.2.1}% 22
\BOOKMARK [3][]{section*.16}{The asymptotic variance of an estimator}{subsection.2.2.1}% 23
\BOOKMARK [2][]{subsection.2.2.2}{The breakdown point}{section.2.2}% 24
\BOOKMARK [3][]{section*.17}{The finite-sample breakdown point}{subsection.2.2.2}% 25
\BOOKMARK [3][]{section*.18}{The asymptotic breakdown point}{subsection.2.2.2}% 26
\BOOKMARK [2][]{subsection.2.2.3}{Gaussian efficiency}{section.2.2}% 27
\BOOKMARK [2][]{subsection.2.2.4}{Aspects of Interpretation}{section.2.2}% 28
\BOOKMARK [2][]{subsection.2.2.5}{Summary}{section.2.2}% 29
\BOOKMARK [0][]{chapter.3}{Basic robust statistics}{part.2}% 30
\BOOKMARK [1][]{section.3.1}{Robust estimation of location}{chapter.3}% 31
\BOOKMARK [2][]{subsection.3.1.1}{The mean and the -trimmed mean}{section.3.1}% 32
\BOOKMARK [2][]{subsection.3.1.2}{The median}{section.3.1}% 33
\BOOKMARK [2][]{subsection.3.1.3}{The Hodges-Lehmann estimator}{section.3.1}% 34
\BOOKMARK [2][]{subsection.3.1.4}{M estimate of location}{section.3.1}% 35
\BOOKMARK [2][]{subsection.3.1.5}{Summary}{section.3.1}% 36
\BOOKMARK [1][]{section.3.2}{Robust estimation of scale}{chapter.3}% 37
\BOOKMARK [2][]{subsection.3.2.1}{The standard deviation}{section.3.2}% 38
\BOOKMARK [2][]{subsection.3.2.2}{The interquartile range}{section.3.2}% 39
\BOOKMARK [2][]{subsection.3.2.3}{The median absolute deviation}{section.3.2}% 40
\BOOKMARK [2][]{subsection.3.2.4}{The Qn coefficient}{section.3.2}% 41
\BOOKMARK [2][]{subsection.3.2.5}{Summary}{section.3.2}% 42
\BOOKMARK [1][]{section.3.3}{Robust estimation of skewness}{chapter.3}% 43
\BOOKMARK [2][]{subsection.3.3.1}{The Fisher coefficient}{section.3.3}% 44
\BOOKMARK [2][]{subsection.3.3.2}{Yule and Kendall, and Hinkley skewness measures}{section.3.3}% 45
\BOOKMARK [2][]{subsection.3.3.3}{The medcouple}{section.3.3}% 46
\BOOKMARK [2][]{subsection.3.3.4}{Summary}{section.3.3}% 47
\BOOKMARK [1][]{section.3.4}{Robust estimation of the tails heaviness}{chapter.3}% 48
\BOOKMARK [2][]{subsection.3.4.1}{The classical kurtosis coefficient}{section.3.4}% 49
\BOOKMARK [2][]{subsection.3.4.2}{The quantile and medcouple tail weight measures}{section.3.4}% 50
\BOOKMARK [2][]{subsection.3.4.3}{Summary}{section.3.4}% 51
\BOOKMARK [1][]{section.3.5}{Example}{chapter.3}% 52
\BOOKMARK [1][]{section.3.6}{Robust tests of normality}{chapter.3}% 53
\BOOKMARK [1][]{section.3.7}{Robust boxplots}{chapter.3}% 54
\BOOKMARK [2][]{subsection.3.7.1}{The classic boxplot and the adjusted boxplot}{section.3.7}% 55
\BOOKMARK [2][]{subsection.3.7.2}{The Tukey g-and-h distribution}{section.3.7}% 56
\BOOKMARK [2][]{subsection.3.7.3}{A generalized boxplot}{section.3.7}% 57
\BOOKMARK [-1][]{part.3}{Robust regression}{}% 58
\BOOKMARK [0][]{chapter.4}{Robust linear regression}{part.3}% 59
\BOOKMARK [1][]{section.4.1}{The linear regression model}{chapter.4}% 60
\BOOKMARK [1][]{section.4.2}{Different types of outliers}{chapter.4}% 61
\BOOKMARK [1][]{section.4.3}{LS estimation}{chapter.4}% 62
\BOOKMARK [1][]{section.4.4}{M estimation}{chapter.4}% 63
\BOOKMARK [2][]{subsection.4.4.1}{L1 or Least Absolute Deviation \(LAD\) estimation}{section.4.4}% 64
\BOOKMARK [2][]{subsection.4.4.2}{The principle of M estimation}{section.4.4}% 65
\BOOKMARK [2][]{subsection.4.4.3}{M estimation as a generalization of maximum likelihood \(ML\) estimation}{section.4.4}% 66
\BOOKMARK [2][]{subsection.4.4.4}{Practical implementation of M estimates}{section.4.4}% 67
\BOOKMARK [3][]{section*.19}{Regression M estimate with preliminary scale estimation}{subsection.4.4.4}% 68
\BOOKMARK [2][]{subsection.4.4.5}{Regression quantiles as regression M estimates}{section.4.4}% 69
\BOOKMARK [2][]{subsection.4.4.6}{Monotone vs. redescending M estimators}{section.4.4}% 70
\BOOKMARK [2][]{subsection.4.4.7}{GM estimation}{section.4.4}% 71
\BOOKMARK [1][]{section.4.5}{Robust regression with a high breakdown point}{chapter.4}% 72
\BOOKMARK [2][]{subsection.4.5.1}{LTS and LMS estimation}{section.4.5}% 73
\BOOKMARK [2][]{subsection.4.5.2}{S estimation}{section.4.5}% 74
\BOOKMARK [2][]{subsection.4.5.3}{MM estimation}{section.4.5}% 75
\BOOKMARK [3][]{section*.20}{Numerical computation of the S- and MM-estimate}{subsection.4.5.3}% 76
\BOOKMARK [2][]{subsection.4.5.4}{MS-estimation}{section.4.5}% 77
\BOOKMARK [1][]{section.4.6}{Robust inference for M-, S- and MM-estimators}{chapter.4}% 78
\BOOKMARK [2][]{subsection.4.6.1}{Asymptotic distribution of M-, S- and MM-estimators}{section.4.6}% 79
\BOOKMARK [2][]{subsection.4.6.2}{Robust confidence intervals and tests with robust regression estimators}{section.4.6}% 80
\BOOKMARK [3][]{section*.21}{Inference for a single linear combination of the regression parameters}{subsection.4.6.2}% 81
\BOOKMARK [3][]{section*.22}{Inference for several linear combinations of the regression parameters}{subsection.4.6.2}% 82
\BOOKMARK [2][]{subsection.4.6.3}{Robust R2}{section.4.6}% 83
\BOOKMARK [2][]{subsection.4.6.4}{Extension of the Hausman test to check for the presence of outliers}{section.4.6}% 84
\BOOKMARK [3][]{section*.23}{Some preliminary results}{subsection.4.6.4}% 85
\BOOKMARK [3][]{section*.24}{Comparison of LS and S}{subsection.4.6.4}% 86
\BOOKMARK [3][]{section*.25}{Comparison of S and MM}{subsection.4.6.4}% 87
\BOOKMARK [1][]{section.4.7}{Examples}{chapter.4}% 88
\BOOKMARK [2][]{section*.26}{Comparing estimators}{section.4.7}% 89
\BOOKMARK [3][]{section*.33}{Identifying outliers}{section*.26}% 90
\BOOKMARK [1][]{section.4.8}{Appendix 1: M-estimators of location and scale}{chapter.4}% 91
\BOOKMARK [2][]{subsection.4.8.1}{M-estimator of location}{section.4.8}% 92
\BOOKMARK [2][]{subsection.4.8.2}{M-estimator of scale}{section.4.8}% 93
\BOOKMARK [1][]{section.4.9}{Appendix 2: Generalized Method of Moments \(GMM\) and asymptotic distributions of regression M-, S- and MM-estimators}{chapter.4}% 94
\BOOKMARK [2][]{subsection.4.9.1}{GMM-estimation principle}{section.4.9}% 95
\BOOKMARK [2][]{subsection.4.9.2}{M-, S- and MM-estimators as GMM-estimators}{section.4.9}% 96
\BOOKMARK [2][]{subsection.4.9.3}{Asymptotic variance matrix of an MM-estimator}{section.4.9}% 97
\BOOKMARK [3][]{section*.34}{If the observations \( xi,yi\) , i = 1, \203, n, are generated by a stationary and ergodic process, and are independent \(Assumption A1\)}{subsection.4.9.3}% 98
\BOOKMARK [3][]{section*.35}{In absence of heteroskedasticity \(Assumption A2\)}{subsection.4.9.3}% 99
\BOOKMARK [3][]{section*.36}{If the distribution of the error terms is symmetric around zero \(Assumption A3\)}{subsection.4.9.3}% 100
\BOOKMARK [2][]{subsection.4.9.4}{Asymptotic variance matrix of an S-estimator}{section.4.9}% 101
\BOOKMARK [2][]{subsection.4.9.5}{Asymptotic variance matrix of an M-estimator}{section.4.9}% 102
\BOOKMARK [0][]{chapter.5}{Robust estimators for panel data}{part.3}% 103
\BOOKMARK [0][]{chapter.6}{Robust instrumental variables estimation}{part.3}% 104
\BOOKMARK [0][]{chapter.7}{Robust estimators for categorical and limited dependent variables}{part.3}% 105
\BOOKMARK [-1][]{part.4}{Robust multivariate statistics}{}% 106
\BOOKMARK [0][]{chapter.8}{Robust estimation of location and scatter}{part.4}% 107
\BOOKMARK [0][]{chapter.9}{Robust principal component analysis}{part.4}% 108
\BOOKMARK [-1][]{part.5}{Appendix}{}% 109
\BOOKMARK [0][]{appendix.A}{Syntax and options}{part.5}% 110
\BOOKMARK [1][]{section.A.1}{Robust statistics \(robstat\)}{appendix.A}% 111
\BOOKMARK [2][]{subsection.A.1.1}{Classical estimators}{section.A.1}% 112
\BOOKMARK [2][]{subsection.A.1.2}{Quantile-based estimators}{section.A.1}% 113
\BOOKMARK [2][]{subsection.A.1.3}{Pairwise-based estimators}{section.A.1}% 114
\BOOKMARK [2][]{subsection.A.1.4}{Normality tests}{section.A.1}% 115
\BOOKMARK [2][]{subsection.A.1.5}{Boxplot}{section.A.1}% 116
\BOOKMARK [1][]{section.A.2}{Robust linear regression \(robreg\)}{appendix.A}% 117
\BOOKMARK [2][]{subsection.A.2.1}{Options for robreg mm}{section.A.2}% 118
\BOOKMARK [3][]{section*.37}{Main}{subsection.A.2.1}% 119
\BOOKMARK [3][]{section*.38}{Biweight M estimate}{subsection.A.2.1}% 120
\BOOKMARK [3][]{section*.39}{Initial S estimate}{subsection.A.2.1}% 121
\BOOKMARK [3][]{section*.40}{Standard errors}{subsection.A.2.1}% 122
\BOOKMARK [3][]{section*.41}{Reporting}{subsection.A.2.1}% 123
\BOOKMARK [2][]{subsection.A.2.2}{Options for robreg gm}{section.A.2}% 124
\BOOKMARK [2][]{subsection.A.2.3}{Options for robreg m}{section.A.2}% 125
\BOOKMARK [3][]{section*.42}{Main}{subsection.A.2.3}% 126
\BOOKMARK [3][]{section*.43}{IRWLS algorithm}{subsection.A.2.3}% 127
\BOOKMARK [3][]{section*.44}{Initial estimate}{subsection.A.2.3}% 128
\BOOKMARK [3][]{section*.45}{Scale estimate}{subsection.A.2.3}% 129
\BOOKMARK [3][]{section*.46}{Standard errors}{subsection.A.2.3}% 130
\BOOKMARK [3][]{section*.47}{Reporting}{subsection.A.2.3}% 131
\BOOKMARK [2][]{subsection.A.2.4}{Options for robreg s}{section.A.2}% 132
\BOOKMARK [3][]{section*.48}{Main}{subsection.A.2.4}% 133
\BOOKMARK [3][]{section*.49}{Resampling algorithm}{subsection.A.2.4}% 134
\BOOKMARK [3][]{section*.50}{Standard errors}{subsection.A.2.4}% 135
\BOOKMARK [3][]{section*.51}{Reporting}{subsection.A.2.4}% 136
\BOOKMARK [2][]{subsection.A.2.5}{Options for robreg lms, robreg lqs, and robreg lts}{section.A.2}% 137
\BOOKMARK [3][]{section*.52}{Main}{subsection.A.2.5}% 138
\BOOKMARK [3][]{section*.53}{Resampling algorithm}{subsection.A.2.5}% 139
\BOOKMARK [3][]{section*.54}{Reporting}{subsection.A.2.5}% 140
\BOOKMARK [1][]{section.A.3}{Robust logistics regression \(roblogit\)}{appendix.A}% 141
\BOOKMARK [1][]{section.A.4}{Robust multivariate statistics \(robmv\)}{appendix.A}% 142
\BOOKMARK [0][]{section.A.4}{References}{part.5}% 143
\BOOKMARK [0][]{section.A.4}{Author index}{part.5}% 144
\BOOKMARK [0][]{section.A.4}{Subject index}{part.5}% 145
