

running /Applications/Stata14/sysprofile.do ...


. texdoc init ../stbook/chapter2.tex, replace logdir(dof/2) nodo ///
>     grdir(eps/2) gropts(as(eps pdf) epsfig figure(h!))
(texdoc output file is ../stbook/chapter2.tex)

. 
end of do-file

. clear all

. set scheme sj

. set linesize 80

. 
. 
end of do-file

. 
.     texdoc stlog

.     texdoc stlog close

. 
. 
end of do-file

. 
.     texdoc stlog

.     texdoc stlog close

. 
. 
end of do-file

. 
. texdoc stlog, nolog

. texdoc stlog close

. if "`s(nodo)'"=="" {
.     tempname fh
.     file open `fh' using `"`s(filename0)'.tex"', write replace
.     file write `fh' "\begin{center}\begin{tabular}{*{10}{D{.}{.}{2.2}}}" _n
.     forv i = 1/10 {
  2.         file write `fh' %9.2f (x[`i']) 
  3.         if `i'<10 file write `fh' " & "
  4.         else      file write `fh' " \\" _n
  5.     }
.     forv i = 11/20 {
  2.         file write `fh' %9.2f (x[`i']) 
  3.         if `i'<20 file write `fh' " & "
  4.         else      file write `fh' _n
  5.     }
.     file write `fh' "\end{tabular}\end{center}"
.     file close `fh'
. }

. texdoc write \input{`s(texname0)'.tex}

. 
. 
end of do-file

. 
. texdoc stlog, nolog

. texdoc stlog close

. texdoc graph, label(fig:theory:SClocation) ///
>     caption(Standardized sensitivity curves of the mean and the median for ///
>     a sample of \$n=20\$ random \$\mathcal{N}(0,1)\$ numbers)

. 
. texdoc stlog, nolog

. texdoc stlog close

. texdoc graph, label(fig:theory:SCscale) ///
>     caption(Standardized sensitivity curves of the standard deviation and the 
> ///
>     interquartile range for a sample of \$n=20\$ random \$\mathcal{N}(0,1)\$ n
> umbers)

. 
. 
end of do-file
(texdoc output written to ../stbook/chapter2.tex)
